<?xml version="1.0" encoding="UTF-8"?>
<!-- Generated by org.testng.reporters.JUnitReportReporter -->
<testsuite hostname="INLEN8520080598" failures="0" tests="1" name="com.apollo.Apollo247PageFac.Apollo247PageFactTest" time="8.898" errors="0" timestamp="2023-03-04T10:24:03 IST" skipped="0">
  <testcase classname="com.apollo.Apollo247PageFac.Apollo247PageFactTest" name="verification" time="8.898"/>
  <system-out/>
</testsuite> <!-- com.apollo.Apollo247PageFac.Apollo247PageFactTest -->
